#
# A fatal error has been detected by the Java Runtime Environment:
#
#  SIGSEGV (0xb) at pc=0x00007fff8ed370dd, pid=26497, tid=1811
#
# JRE version: Java(TM) SE Runtime Environment (7.0_75-b13) (build 1.7.0_75-b13)
# Java VM: Java HotSpot(TM) 64-Bit Server VM (24.75-b04 mixed mode bsd-amd64 compressed oops)
# Problematic frame:
# C  [libobjc.A.dylib+0x10dd]  objc_msgSend+0x1d
#
# Failed to write core dump. Core dumps have been disabled. To enable core dumping, try "ulimit -c unlimited" before starting Java again
#
# If you would like to submit a bug report, please visit:
#   http://bugreport.sun.com/bugreport/crash.jsp
# The crash happened outside the Java Virtual Machine in native code.
# See problematic frame for where to report the bug.
#

---------------  T H R E A D  ---------------

Current thread (0x00007f864d004800):  JavaThread "AppKit Thread" daemon [_thread_in_native, id=1811, stack(0x00007fff56a6f000,0x00007fff56aef000)]

siginfo:si_signo=SIGSEGV: si_errno=0, si_code=1 (SEGV_MAPERR), si_addr=0x0000000000000018

Registers:
RAX=0x0000000000000000, RBX=0x00007f864b4581a0, RCX=0x0000000000000000, RDX=0x00007f864b73f4c0
RSP=0x00007fff56ae8ba8, RBP=0x00007fff56ae8bd0, RSI=0x00007fff92c8eb42, RDI=0x00007f864b4581a0
R8 =0x0000000000000001, R9 =0x0000000000000001, R10=0x00007fff92c8eb42, R11=0x0000000000000000
R12=0x00007f864b73f4c0, R13=0x00007f864b4455f0, R14=0x00007f864b73f4c0, R15=0x00007fff56ae90c0
RIP=0x00007fff8ed370dd